SF:lib/generated/l10n.dart
DA:16,1
DA:20,0
DA:21,0
DA:28,1
DA:29,2
DA:30,0
DA:31,1
DA:32,1
DA:33,3
DA:34,1
DA:35,1
DA:42,0
DA:43,0
DA:44,0
DA:49,0
DA:50,0
DA:54,0
DA:55,0
DA:59,0
DA:64,0
DA:65,0
DA:69,0
DA:74,0
DA:75,0
DA:79,0
DA:84,0
DA:85,0
DA:89,0
DA:94,0
DA:95,0
DA:99,0
DA:104,0
DA:105,0
DA:109,0
DA:114,0
DA:115,0
DA:119,0
DA:124,0
DA:125,0
DA:129,0
DA:134,0
DA:135,0
DA:139,0
DA:144,0
DA:145,0
DA:149,0
DA:154,0
DA:155,0
DA:159,0
DA:164,0
DA:165,0
DA:169,0
DA:174,0
DA:175,0
DA:179,0
DA:184,0
DA:185,0
DA:189,0
DA:194,0
DA:195,0
DA:199,0
DA:204,0
DA:205,0
DA:209,0
DA:214,0
DA:215,0
DA:219,0
DA:224,0
DA:225,0
DA:229,0
DA:234,0
DA:235,0
DA:239,0
DA:244,0
DA:245,0
DA:249,0
DA:254,0
DA:255,0
DA:259,0
DA:264,0
DA:265,0
DA:269,0
DA:274,0
DA:275,0
DA:279,0
DA:284,0
DA:285,0
DA:289,0
DA:294,0
DA:295,0
DA:299,0
DA:304,0
DA:305,0
DA:309,0
DA:314,0
DA:315,0
DA:319,0
DA:324,0
DA:325,0
DA:329,0
DA:334,0
DA:335,0
DA:339,0
DA:344,0
DA:345,0
DA:349,0
DA:354,0
DA:355,0
DA:359,0
DA:365,1
DA:367,1
DA:373,1
DA:374,1
DA:375,1
DA:376,1
DA:377,0
DA:380,1
DA:381,2
DA:382,3
LF:119
LH:17
end_of_record
SF:lib/widgets/count_down_timer/count_down_timer.dart
DA:8,1
DA:19,1
DA:20,1
DA:28,1
DA:30,1
DA:31,1
DA:33,2
DA:35,1
DA:37,2
DA:38,0
DA:39,0
DA:44,0
DA:46,0
DA:47,0
DA:48,0
DA:49,0
DA:50,0
DA:54,1
DA:56,2
DA:57,1
DA:60,1
DA:62,2
DA:64,1
DA:65,1
DA:66,1
DA:67,1
DA:68,1
DA:69,2
DA:70,5
DA:71,1
DA:72,1
DA:73,1
DA:74,4
DA:81,1
DA:86,1
DA:87,4
DA:88,1
DA:89,1
DA:90,1
DA:91,4
LF:40
LH:32
end_of_record
SF:lib/widgets/count_down_timer/count_down_timer_helper.dart
DA:2,1
DA:4,0
DA:5,0
DA:6,0
DA:7,0
DA:9,0
DA:10,0
DA:11,0
DA:13,0
DA:14,0
DA:17,0
DA:20,0
DA:22,0
DA:23,0
LF:14
LH:1
end_of_record
SF:lib/generated/intl/messages_all.dart
DA:22,3
DA:23,2
DA:26,1
DA:28,1
DA:29,1
DA:36,1
DA:37,1
DA:38,3
DA:39,0
DA:41,0
DA:43,2
DA:44,1
DA:45,3
DA:46,2
DA:47,1
DA:50,1
DA:52,1
DA:58,1
DA:60,1
DA:62,1
LF:20
LH:18
end_of_record
SF:lib/generated/intl/messages_en.dart
DA:16,3
DA:21,0
DA:24,2
DA:25,1
DA:26,1
DA:28,1
DA:29,1
DA:30,1
DA:31,1
DA:33,1
DA:36,1
DA:37,1
DA:38,1
DA:40,1
DA:41,1
DA:42,1
DA:45,1
DA:46,1
DA:49,1
DA:50,1
DA:53,1
DA:55,1
DA:57,1
DA:59,1
DA:61,1
DA:63,1
DA:65,1
DA:66,1
DA:69,1
DA:70,1
DA:71,1
DA:73,1
DA:75,1
DA:76,1
LF:34
LH:33
end_of_record
